<?xml version="1.0" encoding="UTF-8"?>
<testsuite xmlns:xsi="http://www.w3.org/2001/XMLSchema-instance" xsi:noNamespaceSchemaLocation="https://maven.apache.org/surefire/maven-surefire-plugin/xsd/surefire-test-report.xsd" name="com.wangxt.postoriginserver.PostOriginServerApplicationTests" time="5.309" tests="1" errors="0" skipped="0" failures="0">
  <properties>
    <property name="sun.desktop" value="windows"/>
    <property name="awt.toolkit" value="sun.awt.windows.WToolkit"/>
    <property name="file.encoding.pkg" value="sun.io"/>
    <property name="java.specification.version" value="1.8"/>
    <property name="sun.cpu.isalist" value="pentium_pro+mmx pentium_pro pentium+mmx pentium i486 i386 i86"/>
    <property name="sun.jnu.encoding" value="GBK"/>
    <property name="java.class.path" value="D:\my-project\wxt-post-origin-server\target\test-classes;D:\my-project\wxt-post-origin-server\target\classes;D:\software\apache-maven\Repos\Repos\org\springframework\boot\spring-boot-starter\2.5.0\spring-boot-starter-2.5.0.jar;D:\software\apache-maven\Repos\Repos\org\springframework\boot\spring-boot\2.5.0\spring-boot-2.5.0.jar;D:\software\apache-maven\Repos\Repos\org\springframework\spring-context\5.3.7\spring-context-5.3.7.jar;D:\software\apache-maven\Repos\Repos\org\springframework\boot\spring-boot-autoconfigure\2.5.0\spring-boot-autoconfigure-2.5.0.jar;D:\software\apache-maven\Repos\Repos\org\springframework\boot\spring-boot-starter-logging\2.5.0\spring-boot-starter-logging-2.5.0.jar;D:\software\apache-maven\Repos\Repos\ch\qos\logback\logback-classic\1.2.3\logback-classic-1.2.3.jar;D:\software\apache-maven\Repos\Repos\ch\qos\logback\logback-core\1.2.3\logback-core-1.2.3.jar;D:\software\apache-maven\Repos\Repos\org\apache\logging\log4j\log4j-to-slf4j\2.14.1\log4j-to-slf4j-2.14.1.jar;D:\software\apache-maven\Repos\Repos\org\apache\logging\log4j\log4j-api\2.14.1\log4j-api-2.14.1.jar;D:\software\apache-maven\Repos\Repos\org\slf4j\jul-to-slf4j\1.7.30\jul-to-slf4j-1.7.30.jar;D:\software\apache-maven\Repos\Repos\jakarta\annotation\jakarta.annotation-api\1.3.5\jakarta.annotation-api-1.3.5.jar;D:\software\apache-maven\Repos\Repos\org\springframework\spring-core\5.3.7\spring-core-5.3.7.jar;D:\software\apache-maven\Repos\Repos\org\springframework\spring-jcl\5.3.7\spring-jcl-5.3.7.jar;D:\software\apache-maven\Repos\Repos\org\yaml\snakeyaml\1.28\snakeyaml-1.28.jar;D:\software\apache-maven\Repos\Repos\org\projectlombok\lombok\1.18.20\lombok-1.18.20.jar;D:\software\apache-maven\Repos\Repos\org\springframework\boot\spring-boot-starter-test\2.5.0\spring-boot-starter-test-2.5.0.jar;D:\software\apache-maven\Repos\Repos\org\springframework\boot\spring-boot-test\2.5.0\spring-boot-test-2.5.0.jar;D:\software\apache-maven\Repos\Repos\org\springframework\boot\spring-boot-test-autoconfigure\2.5.0\spring-boot-test-autoconfigure-2.5.0.jar;D:\software\apache-maven\Repos\Repos\com\jayway\jsonpath\json-path\2.5.0\json-path-2.5.0.jar;D:\software\apache-maven\Repos\Repos\net\minidev\json-smart\2.4.7\json-smart-2.4.7.jar;D:\software\apache-maven\Repos\Repos\net\minidev\accessors-smart\2.4.7\accessors-smart-2.4.7.jar;D:\software\apache-maven\Repos\Repos\org\ow2\asm\asm\9.1\asm-9.1.jar;D:\software\apache-maven\Repos\Repos\org\slf4j\slf4j-api\1.7.30\slf4j-api-1.7.30.jar;D:\software\apache-maven\Repos\Repos\jakarta\xml\bind\jakarta.xml.bind-api\2.3.3\jakarta.xml.bind-api-2.3.3.jar;D:\software\apache-maven\Repos\Repos\jakarta\activation\jakarta.activation-api\1.2.2\jakarta.activation-api-1.2.2.jar;D:\software\apache-maven\Repos\Repos\org\assertj\assertj-core\3.19.0\assertj-core-3.19.0.jar;D:\software\apache-maven\Repos\Repos\org\hamcrest\hamcrest\2.2\hamcrest-2.2.jar;D:\software\apache-maven\Repos\Repos\org\junit\jupiter\junit-jupiter\5.7.2\junit-jupiter-5.7.2.jar;D:\software\apache-maven\Repos\Repos\org\junit\jupiter\junit-jupiter-api\5.7.2\junit-jupiter-api-5.7.2.jar;D:\software\apache-maven\Repos\Repos\org\apiguardian\apiguardian-api\1.1.0\apiguardian-api-1.1.0.jar;D:\software\apache-maven\Repos\Repos\org\opentest4j\opentest4j\1.2.0\opentest4j-1.2.0.jar;D:\software\apache-maven\Repos\Repos\org\junit\platform\junit-platform-commons\1.7.2\junit-platform-commons-1.7.2.jar;D:\software\apache-maven\Repos\Repos\org\junit\jupiter\junit-jupiter-params\5.7.2\junit-jupiter-params-5.7.2.jar;D:\software\apache-maven\Repos\Repos\org\junit\jupiter\junit-jupiter-engine\5.7.2\junit-jupiter-engine-5.7.2.jar;D:\software\apache-maven\Repos\Repos\org\junit\platform\junit-platform-engine\1.7.2\junit-platform-engine-1.7.2.jar;D:\software\apache-maven\Repos\Repos\org\mockito\mockito-core\3.9.0\mockito-core-3.9.0.jar;D:\software\apache-maven\Repos\Repos\net\bytebuddy\byte-buddy\1.10.22\byte-buddy-1.10.22.jar;D:\software\apache-maven\Repos\Repos\net\bytebuddy\byte-buddy-agent\1.10.22\byte-buddy-agent-1.10.22.jar;D:\software\apache-maven\Repos\Repos\org\objenesis\objenesis\3.2\objenesis-3.2.jar;D:\software\apache-maven\Repos\Repos\org\mockito\mockito-junit-jupiter\3.9.0\mockito-junit-jupiter-3.9.0.jar;D:\software\apache-maven\Repos\Repos\org\skyscreamer\jsonassert\1.5.0\jsonassert-1.5.0.jar;D:\software\apache-maven\Repos\Repos\com\vaadin\external\google\android-json\0.0.20131108.vaadin1\android-json-0.0.20131108.vaadin1.jar;D:\software\apache-maven\Repos\Repos\org\springframework\spring-test\5.3.7\spring-test-5.3.7.jar;D:\software\apache-maven\Repos\Repos\org\xmlunit\xmlunit-core\2.8.2\xmlunit-core-2.8.2.jar;D:\software\apache-maven\Repos\Repos\org\springframework\boot\spring-boot-starter-web\2.5.0\spring-boot-starter-web-2.5.0.jar;D:\software\apache-maven\Repos\Repos\org\springframework\boot\spring-boot-starter-json\2.5.0\spring-boot-starter-json-2.5.0.jar;D:\software\apache-maven\Repos\Repos\com\fasterxml\jackson\core\jackson-databind\2.12.3\jackson-databind-2.12.3.jar;D:\software\apache-maven\Repos\Repos\com\fasterxml\jackson\core\jackson-annotations\2.12.3\jackson-annotations-2.12.3.jar;D:\software\apache-maven\Repos\Repos\com\fasterxml\jackson\core\jackson-core\2.12.3\jackson-core-2.12.3.jar;D:\software\apache-maven\Repos\Repos\com\fasterxml\jackson\datatype\jackson-datatype-jdk8\2.12.3\jackson-datatype-jdk8-2.12.3.jar;D:\software\apache-maven\Repos\Repos\com\fasterxml\jackson\datatype\jackson-datatype-jsr310\2.12.3\jackson-datatype-jsr310-2.12.3.jar;D:\software\apache-maven\Repos\Repos\com\fasterxml\jackson\module\jackson-module-parameter-names\2.12.3\jackson-module-parameter-names-2.12.3.jar;D:\software\apache-maven\Repos\Repos\org\springframework\boot\spring-boot-starter-tomcat\2.5.0\spring-boot-starter-tomcat-2.5.0.jar;D:\software\apache-maven\Repos\Repos\org\apache\tomcat\embed\tomcat-embed-core\9.0.46\tomcat-embed-core-9.0.46.jar;D:\software\apache-maven\Repos\Repos\org\apache\tomcat\embed\tomcat-embed-el\9.0.46\tomcat-embed-el-9.0.46.jar;D:\software\apache-maven\Repos\Repos\org\apache\tomcat\embed\tomcat-embed-websocket\9.0.46\tomcat-embed-websocket-9.0.46.jar;D:\software\apache-maven\Repos\Repos\org\springframework\spring-web\5.3.7\spring-web-5.3.7.jar;D:\software\apache-maven\Repos\Repos\org\springframework\spring-beans\5.3.7\spring-beans-5.3.7.jar;D:\software\apache-maven\Repos\Repos\org\springframework\spring-webmvc\5.3.7\spring-webmvc-5.3.7.jar;D:\software\apache-maven\Repos\Repos\org\springframework\spring-aop\5.3.7\spring-aop-5.3.7.jar;D:\software\apache-maven\Repos\Repos\org\springframework\spring-expression\5.3.7\spring-expression-5.3.7.jar;"/>
    <property name="java.vm.vendor" value="Oracle Corporation"/>
    <property name="sun.arch.data.model" value="32"/>
    <property name="user.variant" value=""/>
    <property name="java.vendor.url" value="http://java.oracle.com/"/>
    <property name="user.timezone" value="Asia/Shanghai"/>
    <property name="java.vm.specification.version" value="1.8"/>
    <property name="os.name" value="Windows 10"/>
    <property name="user.country" value="CN"/>
    <property name="sun.java.launcher" value="SUN_STANDARD"/>
    <property name="sun.boot.library.path" value="C:\Program Files (x86)\Java\jdk1.8.0_202\jre\bin"/>
    <property name="sun.java.command" value="C:\Users\wxt\AppData\Local\Temp\surefire5731924147174508042\surefirebooter9122765670563834851.jar C:\Users\wxt\AppData\Local\Temp\surefire5731924147174508042 2022-02-22T11-55-24_704-jvmRun1 surefire7484122648390545343tmp surefire_06333549978275605964tmp"/>
    <property name="surefire.test.class.path" value="D:\my-project\wxt-post-origin-server\target\test-classes;D:\my-project\wxt-post-origin-server\target\classes;D:\software\apache-maven\Repos\Repos\org\springframework\boot\spring-boot-starter\2.5.0\spring-boot-starter-2.5.0.jar;D:\software\apache-maven\Repos\Repos\org\springframework\boot\spring-boot\2.5.0\spring-boot-2.5.0.jar;D:\software\apache-maven\Repos\Repos\org\springframework\spring-context\5.3.7\spring-context-5.3.7.jar;D:\software\apache-maven\Repos\Repos\org\springframework\boot\spring-boot-autoconfigure\2.5.0\spring-boot-autoconfigure-2.5.0.jar;D:\software\apache-maven\Repos\Repos\org\springframework\boot\spring-boot-starter-logging\2.5.0\spring-boot-starter-logging-2.5.0.jar;D:\software\apache-maven\Repos\Repos\ch\qos\logback\logback-classic\1.2.3\logback-classic-1.2.3.jar;D:\software\apache-maven\Repos\Repos\ch\qos\logback\logback-core\1.2.3\logback-core-1.2.3.jar;D:\software\apache-maven\Repos\Repos\org\apache\logging\log4j\log4j-to-slf4j\2.14.1\log4j-to-slf4j-2.14.1.jar;D:\software\apache-maven\Repos\Repos\org\apache\logging\log4j\log4j-api\2.14.1\log4j-api-2.14.1.jar;D:\software\apache-maven\Repos\Repos\org\slf4j\jul-to-slf4j\1.7.30\jul-to-slf4j-1.7.30.jar;D:\software\apache-maven\Repos\Repos\jakarta\annotation\jakarta.annotation-api\1.3.5\jakarta.annotation-api-1.3.5.jar;D:\software\apache-maven\Repos\Repos\org\springframework\spring-core\5.3.7\spring-core-5.3.7.jar;D:\software\apache-maven\Repos\Repos\org\springframework\spring-jcl\5.3.7\spring-jcl-5.3.7.jar;D:\software\apache-maven\Repos\Repos\org\yaml\snakeyaml\1.28\snakeyaml-1.28.jar;D:\software\apache-maven\Repos\Repos\org\projectlombok\lombok\1.18.20\lombok-1.18.20.jar;D:\software\apache-maven\Repos\Repos\org\springframework\boot\spring-boot-starter-test\2.5.0\spring-boot-starter-test-2.5.0.jar;D:\software\apache-maven\Repos\Repos\org\springframework\boot\spring-boot-test\2.5.0\spring-boot-test-2.5.0.jar;D:\software\apache-maven\Repos\Repos\org\springframework\boot\spring-boot-test-autoconfigure\2.5.0\spring-boot-test-autoconfigure-2.5.0.jar;D:\software\apache-maven\Repos\Repos\com\jayway\jsonpath\json-path\2.5.0\json-path-2.5.0.jar;D:\software\apache-maven\Repos\Repos\net\minidev\json-smart\2.4.7\json-smart-2.4.7.jar;D:\software\apache-maven\Repos\Repos\net\minidev\accessors-smart\2.4.7\accessors-smart-2.4.7.jar;D:\software\apache-maven\Repos\Repos\org\ow2\asm\asm\9.1\asm-9.1.jar;D:\software\apache-maven\Repos\Repos\org\slf4j\slf4j-api\1.7.30\slf4j-api-1.7.30.jar;D:\software\apache-maven\Repos\Repos\jakarta\xml\bind\jakarta.xml.bind-api\2.3.3\jakarta.xml.bind-api-2.3.3.jar;D:\software\apache-maven\Repos\Repos\jakarta\activation\jakarta.activation-api\1.2.2\jakarta.activation-api-1.2.2.jar;D:\software\apache-maven\Repos\Repos\org\assertj\assertj-core\3.19.0\assertj-core-3.19.0.jar;D:\software\apache-maven\Repos\Repos\org\hamcrest\hamcrest\2.2\hamcrest-2.2.jar;D:\software\apache-maven\Repos\Repos\org\junit\jupiter\junit-jupiter\5.7.2\junit-jupiter-5.7.2.jar;D:\software\apache-maven\Repos\Repos\org\junit\jupiter\junit-jupiter-api\5.7.2\junit-jupiter-api-5.7.2.jar;D:\software\apache-maven\Repos\Repos\org\apiguardian\apiguardian-api\1.1.0\apiguardian-api-1.1.0.jar;D:\software\apache-maven\Repos\Repos\org\opentest4j\opentest4j\1.2.0\opentest4j-1.2.0.jar;D:\software\apache-maven\Repos\Repos\org\junit\platform\junit-platform-commons\1.7.2\junit-platform-commons-1.7.2.jar;D:\software\apache-maven\Repos\Repos\org\junit\jupiter\junit-jupiter-params\5.7.2\junit-jupiter-params-5.7.2.jar;D:\software\apache-maven\Repos\Repos\org\junit\jupiter\junit-jupiter-engine\5.7.2\junit-jupiter-engine-5.7.2.jar;D:\software\apache-maven\Repos\Repos\org\junit\platform\junit-platform-engine\1.7.2\junit-platform-engine-1.7.2.jar;D:\software\apache-maven\Repos\Repos\org\mockito\mockito-core\3.9.0\mockito-core-3.9.0.jar;D:\software\apache-maven\Repos\Repos\net\bytebuddy\byte-buddy\1.10.22\byte-buddy-1.10.22.jar;D:\software\apache-maven\Repos\Repos\net\bytebuddy\byte-buddy-agent\1.10.22\byte-buddy-agent-1.10.22.jar;D:\software\apache-maven\Repos\Repos\org\objenesis\objenesis\3.2\objenesis-3.2.jar;D:\software\apache-maven\Repos\Repos\org\mockito\mockito-junit-jupiter\3.9.0\mockito-junit-jupiter-3.9.0.jar;D:\software\apache-maven\Repos\Repos\org\skyscreamer\jsonassert\1.5.0\jsonassert-1.5.0.jar;D:\software\apache-maven\Repos\Repos\com\vaadin\external\google\android-json\0.0.20131108.vaadin1\android-json-0.0.20131108.vaadin1.jar;D:\software\apache-maven\Repos\Repos\org\springframework\spring-test\5.3.7\spring-test-5.3.7.jar;D:\software\apache-maven\Repos\Repos\org\xmlunit\xmlunit-core\2.8.2\xmlunit-core-2.8.2.jar;D:\software\apache-maven\Repos\Repos\org\springframework\boot\spring-boot-starter-web\2.5.0\spring-boot-starter-web-2.5.0.jar;D:\software\apache-maven\Repos\Repos\org\springframework\boot\spring-boot-starter-json\2.5.0\spring-boot-starter-json-2.5.0.jar;D:\software\apache-maven\Repos\Repos\com\fasterxml\jackson\core\jackson-databind\2.12.3\jackson-databind-2.12.3.jar;D:\software\apache-maven\Repos\Repos\com\fasterxml\jackson\core\jackson-annotations\2.12.3\jackson-annotations-2.12.3.jar;D:\software\apache-maven\Repos\Repos\com\fasterxml\jackson\core\jackson-core\2.12.3\jackson-core-2.12.3.jar;D:\software\apache-maven\Repos\Repos\com\fasterxml\jackson\datatype\jackson-datatype-jdk8\2.12.3\jackson-datatype-jdk8-2.12.3.jar;D:\software\apache-maven\Repos\Repos\com\fasterxml\jackson\datatype\jackson-datatype-jsr310\2.12.3\jackson-datatype-jsr310-2.12.3.jar;D:\software\apache-maven\Repos\Repos\com\fasterxml\jackson\module\jackson-module-parameter-names\2.12.3\jackson-module-parameter-names-2.12.3.jar;D:\software\apache-maven\Repos\Repos\org\springframework\boot\spring-boot-starter-tomcat\2.5.0\spring-boot-starter-tomcat-2.5.0.jar;D:\software\apache-maven\Repos\Repos\org\apache\tomcat\embed\tomcat-embed-core\9.0.46\tomcat-embed-core-9.0.46.jar;D:\software\apache-maven\Repos\Repos\org\apache\tomcat\embed\tomcat-embed-el\9.0.46\tomcat-embed-el-9.0.46.jar;D:\software\apache-maven\Repos\Repos\org\apache\tomcat\embed\tomcat-embed-websocket\9.0.46\tomcat-embed-websocket-9.0.46.jar;D:\software\apache-maven\Repos\Repos\org\springframework\spring-web\5.3.7\spring-web-5.3.7.jar;D:\software\apache-maven\Repos\Repos\org\springframework\spring-beans\5.3.7\spring-beans-5.3.7.jar;D:\software\apache-maven\Repos\Repos\org\springframework\spring-webmvc\5.3.7\spring-webmvc-5.3.7.jar;D:\software\apache-maven\Repos\Repos\org\springframework\spring-aop\5.3.7\spring-aop-5.3.7.jar;D:\software\apache-maven\Repos\Repos\org\springframework\spring-expression\5.3.7\spring-expression-5.3.7.jar;"/>
    <property name="sun.cpu.endian" value="little"/>
    <property name="user.home" value="C:\Users\wxt"/>
    <property name="user.language" value="zh"/>
    <property name="java.specification.vendor" value="Oracle Corporation"/>
    <property name="java.home" value="C:\Program Files (x86)\Java\jdk1.8.0_202\jre"/>
    <property name="basedir" value="D:\my-project\wxt-post-origin-server"/>
    <property name="file.separator" value="\"/>
    <property name="line.separator" value="&#10;"/>
    <property name="java.vm.specification.vendor" value="Oracle Corporation"/>
    <property name="java.specification.name" value="Java Platform API Specification"/>
    <property name="java.awt.graphicsenv" value="sun.awt.Win32GraphicsEnvironment"/>
    <property name="surefire.real.class.path" value="C:\Users\wxt\AppData\Local\Temp\surefire5731924147174508042\surefirebooter9122765670563834851.jar"/>
    <property name="sun.boot.class.path" value="C:\Program Files (x86)\Java\jdk1.8.0_202\jre\lib\resources.jar;C:\Program Files (x86)\Java\jdk1.8.0_202\jre\lib\rt.jar;C:\Program Files (x86)\Java\jdk1.8.0_202\jre\lib\sunrsasign.jar;C:\Program Files (x86)\Java\jdk1.8.0_202\jre\lib\jsse.jar;C:\Program Files (x86)\Java\jdk1.8.0_202\jre\lib\jce.jar;C:\Program Files (x86)\Java\jdk1.8.0_202\jre\lib\charsets.jar;C:\Program Files (x86)\Java\jdk1.8.0_202\jre\lib\jfr.jar;C:\Program Files (x86)\Java\jdk1.8.0_202\jre\classes"/>
    <property name="user.script" value=""/>
    <property name="sun.management.compiler" value="HotSpot Client Compiler"/>
    <property name="java.runtime.version" value="1.8.0_202-b08"/>
    <property name="user.name" value="wxt"/>
    <property name="path.separator" value=";"/>
    <property name="os.version" value="10.0"/>
    <property name="java.endorsed.dirs" value="C:\Program Files (x86)\Java\jdk1.8.0_202\jre\lib\endorsed"/>
    <property name="java.runtime.name" value="Java(TM) SE Runtime Environment"/>
    <property name="file.encoding" value="GBK"/>
    <property name="java.vm.name" value="Java HotSpot(TM) Client VM"/>
    <property name="localRepository" value="D:\software\apache-maven\Repos\Repos"/>
    <property name="java.vendor.url.bug" value="http://bugreport.sun.com/bugreport/"/>
    <property name="java.io.tmpdir" value="C:\Users\wxt\AppData\Local\Temp\"/>
    <property name="idea.version" value="2021.3"/>
    <property name="java.version" value="1.8.0_202"/>
    <property name="user.dir" value="D:\my-project\wxt-post-origin-server"/>
    <property name="os.arch" value="x86"/>
    <property name="java.vm.specification.name" value="Java Virtual Machine Specification"/>
    <property name="java.awt.printerjob" value="sun.awt.windows.WPrinterJob"/>
    <property name="sun.os.patch.level" value=""/>
    <property name="java.library.path" value="C:\Program Files (x86)\Java\jdk1.8.0_202\jre\bin;C:\WINDOWS\Sun\Java\bin;C:\WINDOWS\system32;C:\WINDOWS;C:\Program Files (x86)\Common Files\Oracle\Java\javapath;C:\WINDOWS\system32;C:\WINDOWS;C:\WINDOWS\System32\Wbem;C:\WINDOWS\System32\WindowsPowerShell\v1.0\;C:\WINDOWS\System32\OpenSSH\;C:\Program Files (x86)\NVIDIA Corporation\PhysX\Common;C:\Program Files\NVIDIA Corporation\NVIDIA NvDLISR;C:\WINDOWS\system32;C:\WINDOWS;C:\WINDOWS\System32\Wbem;C:\WINDOWS\System32\WindowsPowerShell\v1.0\;C:\WINDOWS\System32\OpenSSH\;D:\software\Git\cmd;D:\software\apache-maven\apache-maven-3.6.3\bin;D:\software\go\bin;%GOBIN%;D:\software\Xftp\;D:\software\Xshell7\;C:\Program Files\MySQL\MySQL Shell 8.0\bin\;C:\Users\wxt\AppData\Local\Programs\Python\Python37-32\Scripts\;C:\Users\wxt\AppData\Local\Programs\Python\Python37-32\;C:\Users\wxt\AppData\Local\Microsoft\WindowsApps;C:\Program Files (x86)\Java\jdk1.8.0_202\bin;C:\Program Files (x86)\Java\jdk1.8.0_202\jre\bin;;D:\software\Microsoft VS Code\bin;C:\Users\wxt\go\bin;."/>
    <property name="java.vm.info" value="mixed mode"/>
    <property name="java.vendor" value="Oracle Corporation"/>
    <property name="java.vm.version" value="25.202-b08"/>
    <property name="java.ext.dirs" value="C:\Program Files (x86)\Java\jdk1.8.0_202\jre\lib\ext;C:\WINDOWS\Sun\Java\lib\ext"/>
    <property name="sun.io.unicode.encoding" value="UnicodeLittle"/>
    <property name="maven.repo.local" value="D:\software\apache-maven\Repos\Repos"/>
    <property name="java.class.version" value="52.0"/>
  </properties>
  <testcase name="contextLoads" classname="com.wangxt.postoriginserver.PostOriginServerApplicationTests" time="0.459"/>
</testsuite>